<?xml version="1.0" encoding="UTF-8"?>
<testng-results skipped="0" failed="0" ignored="0" total="10" passed="10">
  <reporter-output>
  </reporter-output>
  <suite name="Suite" duration-ms="150274" started-at="2022-12-24T11:39:14 IST" finished-at="2022-12-24T11:41:44 IST">
    <groups>
      <group name="cucumber">
        <method signature="AbstractTestNGCucumberTests.runScenario(io.cucumber.testng.PickleWrapper,io.cucumber.testng.FeatureWrapper)[pri:0, instance:tests.Runner1@a38d7a3]" name="runScenario" class="io.cucumber.testng.AbstractTestNGCucumberTests"/>
        <method signature="AbstractTestNGCucumberTests.runScenario(io.cucumber.testng.PickleWrapper,io.cucumber.testng.FeatureWrapper)[pri:0, instance:tests.Runner2@6121c9d6]" name="runScenario" class="io.cucumber.testng.AbstractTestNGCucumberTests"/>
      </group> <!-- cucumber -->
    </groups>
    <test name="Test" duration-ms="150274" started-at="2022-12-24T11:39:14 IST" finished-at="2022-12-24T11:41:44 IST">
      <class name="tests.Runner1">
        <test-method status="PASS" signature="setUpClass(org.testng.ITestContext)[pri:0, instance:tests.Runner1@a38d7a3]" name="setUpClass" is-config="true" duration-ms="463" started-at="2022-12-24T11:39:14 IST" finished-at="2022-12-24T11:39:14 IST">
          <params>
            <param index="0">
              <value>
                <![CDATA[org.testng.TestRunner@2173a742]]>
              </value>
            </param>
          </params>
          <reporter-output>
          </reporter-output>
        </test-method> <!-- setUpClass -->
        <test-method status="PASS" signature="runScenario(io.cucumber.testng.PickleWrapper,io.cucumber.testng.FeatureWrapper)[pri:0, instance:tests.Runner1@a38d7a3]" name="runScenario" duration-ms="6963" started-at="2022-12-24T11:39:14 IST" description="Runs Cucumber Scenarios" data-provider="scenarios" finished-at="2022-12-24T11:39:21 IST">
          <params>
            <param index="0">
              <value>
                <![CDATA["sample secnario1"]]>
              </value>
            </param>
            <param index="1">
              <value>
                <![CDATA["sample1"]]>
              </value>
            </param>
          </params>
          <reporter-output>
          </reporter-output>
        </test-method> <!-- runScenario -->
        <test-method status="PASS" signature="runScenario(io.cucumber.testng.PickleWrapper,io.cucumber.testng.FeatureWrapper)[pri:0, instance:tests.Runner1@a38d7a3]" name="runScenario" duration-ms="7349" started-at="2022-12-24T11:39:21 IST" description="Runs Cucumber Scenarios" data-provider="scenarios" finished-at="2022-12-24T11:39:29 IST">
          <params>
            <param index="0">
              <value>
                <![CDATA["sample secnario3"]]>
              </value>
            </param>
            <param index="1">
              <value>
                <![CDATA["sample2"]]>
              </value>
            </param>
          </params>
          <reporter-output>
          </reporter-output>
        </test-method> <!-- runScenario -->
        <test-method status="PASS" signature="runScenario(io.cucumber.testng.PickleWrapper,io.cucumber.testng.FeatureWrapper)[pri:0, instance:tests.Runner1@a38d7a3]" name="runScenario" duration-ms="39643" started-at="2022-12-24T11:39:29 IST" description="Runs Cucumber Scenarios" data-provider="scenarios" finished-at="2022-12-24T11:40:08 IST">
          <params>
            <param index="0">
              <value>
                <![CDATA["sample secnario4"]]>
              </value>
            </param>
            <param index="1">
              <value>
                <![CDATA["sample3"]]>
              </value>
            </param>
          </params>
          <reporter-output>
          </reporter-output>
        </test-method> <!-- runScenario -->
        <test-method status="PASS" signature="tearDownClass()[pri:0, instance:tests.Runner1@a38d7a3]" name="tearDownClass" is-config="true" duration-ms="68" started-at="2022-12-24T11:40:08 IST" finished-at="2022-12-24T11:40:08 IST">
          <reporter-output>
          </reporter-output>
        </test-method> <!-- tearDownClass -->
      </class> <!-- tests.Runner1 -->
      <class name="tests.Runner2">
        <test-method status="PASS" signature="setUpClass(org.testng.ITestContext)[pri:0, instance:tests.Runner2@6121c9d6]" name="setUpClass" is-config="true" duration-ms="30" started-at="2022-12-24T11:40:08 IST" finished-at="2022-12-24T11:40:08 IST">
          <params>
            <param index="0">
              <value>
                <![CDATA[org.testng.TestRunner@2173a742]]>
              </value>
            </param>
          </params>
          <reporter-output>
          </reporter-output>
        </test-method> <!-- setUpClass -->
        <test-method status="PASS" signature="runScenario(io.cucumber.testng.PickleWrapper,io.cucumber.testng.FeatureWrapper)[pri:0, instance:tests.Runner2@6121c9d6]" name="runScenario" duration-ms="8620" started-at="2022-12-24T11:40:08 IST" description="Runs Cucumber Scenarios" data-provider="scenarios" finished-at="2022-12-24T11:40:17 IST">
          <params>
            <param index="0">
              <value>
                <![CDATA["sample secnario1"]]>
              </value>
            </param>
            <param index="1">
              <value>
                <![CDATA["sample1"]]>
              </value>
            </param>
          </params>
          <reporter-output>
          </reporter-output>
        </test-method> <!-- runScenario -->
        <test-method status="PASS" signature="runScenario(io.cucumber.testng.PickleWrapper,io.cucumber.testng.FeatureWrapper)[pri:0, instance:tests.Runner2@6121c9d6]" name="runScenario" duration-ms="7541" started-at="2022-12-24T11:40:17 IST" description="Runs Cucumber Scenarios" data-provider="scenarios" finished-at="2022-12-24T11:40:25 IST">
          <params>
            <param index="0">
              <value>
                <![CDATA["sample secnario2"]]>
              </value>
            </param>
            <param index="1">
              <value>
                <![CDATA["sample1"]]>
              </value>
            </param>
          </params>
          <reporter-output>
          </reporter-output>
        </test-method> <!-- runScenario -->
        <test-method status="PASS" signature="runScenario(io.cucumber.testng.PickleWrapper,io.cucumber.testng.FeatureWrapper)[pri:0, instance:tests.Runner2@6121c9d6]" name="runScenario" duration-ms="11314" started-at="2022-12-24T11:40:25 IST" description="Runs Cucumber Scenarios" data-provider="scenarios" finished-at="2022-12-24T11:40:36 IST">
          <params>
            <param index="0">
              <value>
                <![CDATA["sample secnario3"]]>
              </value>
            </param>
            <param index="1">
              <value>
                <![CDATA["sample2"]]>
              </value>
            </param>
          </params>
          <reporter-output>
          </reporter-output>
        </test-method> <!-- runScenario -->
        <test-method status="PASS" signature="runScenario(io.cucumber.testng.PickleWrapper,io.cucumber.testng.FeatureWrapper)[pri:0, instance:tests.Runner2@6121c9d6]" name="runScenario" duration-ms="10456" started-at="2022-12-24T11:40:36 IST" description="Runs Cucumber Scenarios" data-provider="scenarios" finished-at="2022-12-24T11:40:46 IST">
          <params>
            <param index="0">
              <value>
                <![CDATA["sample secnario3"]]>
              </value>
            </param>
            <param index="1">
              <value>
                <![CDATA["sample2"]]>
              </value>
            </param>
          </params>
          <reporter-output>
          </reporter-output>
        </test-method> <!-- runScenario -->
        <test-method status="PASS" signature="runScenario(io.cucumber.testng.PickleWrapper,io.cucumber.testng.FeatureWrapper)[pri:0, instance:tests.Runner2@6121c9d6]" name="runScenario" duration-ms="10273" started-at="2022-12-24T11:40:46 IST" description="Runs Cucumber Scenarios" data-provider="scenarios" finished-at="2022-12-24T11:40:57 IST">
          <params>
            <param index="0">
              <value>
                <![CDATA["sample secnario3"]]>
              </value>
            </param>
            <param index="1">
              <value>
                <![CDATA["sample2"]]>
              </value>
            </param>
          </params>
          <reporter-output>
          </reporter-output>
        </test-method> <!-- runScenario -->
        <test-method status="PASS" signature="runScenario(io.cucumber.testng.PickleWrapper,io.cucumber.testng.FeatureWrapper)[pri:0, instance:tests.Runner2@6121c9d6]" name="runScenario" duration-ms="6782" started-at="2022-12-24T11:40:57 IST" description="Runs Cucumber Scenarios" data-provider="scenarios" finished-at="2022-12-24T11:41:03 IST">
          <params>
            <param index="0">
              <value>
                <![CDATA["sample secnario3"]]>
              </value>
            </param>
            <param index="1">
              <value>
                <![CDATA["sample2"]]>
              </value>
            </param>
          </params>
          <reporter-output>
          </reporter-output>
        </test-method> <!-- runScenario -->
        <test-method status="PASS" signature="runScenario(io.cucumber.testng.PickleWrapper,io.cucumber.testng.FeatureWrapper)[pri:0, instance:tests.Runner2@6121c9d6]" name="runScenario" duration-ms="40709" started-at="2022-12-24T11:41:03 IST" description="Runs Cucumber Scenarios" data-provider="scenarios" finished-at="2022-12-24T11:41:44 IST">
          <params>
            <param index="0">
              <value>
                <![CDATA["sample secnario4"]]>
              </value>
            </param>
            <param index="1">
              <value>
                <![CDATA["sample3"]]>
              </value>
            </param>
          </params>
          <reporter-output>
          </reporter-output>
        </test-method> <!-- runScenario -->
        <test-method status="PASS" signature="tearDownClass()[pri:0, instance:tests.Runner2@6121c9d6]" name="tearDownClass" is-config="true" duration-ms="28" started-at="2022-12-24T11:41:44 IST" finished-at="2022-12-24T11:41:44 IST">
          <reporter-output>
          </reporter-output>
        </test-method> <!-- tearDownClass -->
      </class> <!-- tests.Runner2 -->
    </test> <!-- Test -->
  </suite> <!-- Suite -->
</testng-results>
