<?xml version="1.0" encoding="UTF-8"?>
<!-- Generated by org.testng.reporters.JUnitReportReporter -->
<testsuite skipped="0" hostname="KALAMSIR-PC" name="tests.Runner5" tests="1" failures="0" timestamp="2022-12-18T11:20:41 IST" time="0.110" errors="1">
  <testcase name="runScenario" time="0.110" classname="tests.Runner5">
    <error type="io.cucumber.java.PendingException" message="TODO: implement me">
      <![CDATA[io.cucumber.java.PendingException: TODO: implement me
at gluecode.StepDefs3.method6(StepDefs3.java:45)
at ✽.I want to write a step with precondition(file:///E:/batch262/org.magnitia.cucumberpracticepico/src/test/resources/features/dummy.feature:3)
]]>
    </error>
  </testcase> <!-- runScenario -->
  <system-out/>
</testsuite> <!-- tests.Runner5 -->
